RUN	com.gatling.tests.projectreactor	projectreactor	1646851486752	test run	3.6.1
USER	rokomariproject	START	1646851488639
REQUEST		request_0	1646851488692	1646851488901	OK	 
REQUEST		request_4	1646851489527	1646851489752	OK	 
REQUEST		request_17	1646851489540	1646851489779	OK	 
REQUEST		request_14	1646851489538	1646851489782	OK	 
REQUEST		request_18	1646851489541	1646851489796	OK	 
REQUEST		request_21	1646851489104	1646851489822	KO	status.find.in(200,201,202,203,204,205,206,207,208,209,304), found 400
REQUEST		request_19	1646851489103	1646851489860	OK	 
REQUEST		tr?id=2663779950320576&ev=PageView&noscript=1	1646851489498	1646851490006	OK	 
REQUEST		request_13	1646851489391	1646851490908	OK	 
REQUEST		request_16	1646851489539	1646851491001	OK	 
REQUEST		request_2	1646851489293	1646851491089	OK	 
REQUEST		request_9	1646851489106	1646851491332	OK	 
REQUEST		request_8	1646851489553	1646851491445	OK	 
REQUEST		request_5	1646851489508	1646851491783	OK	 
REQUEST		request_15	1646851489525	1646851491807	OK	 
REQUEST		request_11	1646851489554	1646851491970	OK	 
REQUEST		request_7	1646851489542	1646851492047	OK	 
REQUEST		request_12	1646851489521	1646851492413	OK	 
REQUEST		request_3	1646851489101	1646851492543	OK	 
REQUEST		request_20	1646851489526	1646851492721	OK	 
REQUEST		request_6	1646851489294	1646851492745	OK	 
REQUEST		request_1	1646851489292	1646851493579	OK	 
REQUEST		request_19	1646851489873	1646851494013	OK	 
REQUEST		js?id=AW-804358854	1646851489201	1646851495151	OK	 
REQUEST		bundle6-desktop.css?v=3	1646851489099	1646851495851	OK	 
REQUEST		request_10	1646851489537	1646851498270	OK	 
REQUEST		request_22	1646851510280	1646851510331	KO	status.find.in(200,201,202,203,204,205,206,207,208,209,304), found 403
USER	rokomariproject	END	1646851510353
